<?xml version="1.0" encoding="UTF-8"?>
<testsuite name="com.example.demodocker.DemoDockerApplicationTests" tests="1" skipped="0" failures="0" errors="0"
           timestamp="2021-09-11T00:13:56" hostname="ShaysComputer" time="0.681">
    <properties/>
    <testcase name="contextLoads()" classname="com.example.demodocker.DemoDockerApplicationTests" time="0.681"/>
    <system-out><![CDATA[17:13:50.472 [Test worker] DEBUG org.springframework.test.context.BootstrapUtils - Instantiating CacheAwareContextLoaderDelegate from class [org.springframework.test.context.cache.DefaultCacheAwareContextLoaderDelegate]
17:13:50.507 [Test worker] DEBUG org.springframework.test.context.BootstrapUtils - Instantiating BootstrapContext using constructor [public org.springframework.test.context.support.DefaultBootstrapContext(java.lang.Class,org.springframework.test.context.CacheAwareContextLoaderDelegate)]
17:13:50.592 [Test worker] DEBUG org.springframework.test.context.BootstrapUtils - Instantiating TestContextBootstrapper for test class [com.example.demodocker.DemoDockerApplicationTests] from class [org.springframework.boot.test.context.SpringBootTestContextBootstrapper]
17:13:50.622 [Test worker] INFO org.springframework.boot.test.context.SpringBootTestContextBootstrapper - Neither @ContextConfiguration nor @ContextHierarchy found for test class [com.example.demodocker.DemoDockerApplicationTests], using SpringBootContextLoader
17:13:50.632 [Test worker] DEBUG org.springframework.test.context.support.AbstractContextLoader - Did not detect default resource location for test class [com.example.demodocker.DemoDockerApplicationTests]: class path resource [com/example/demodocker/DemoDockerApplicationTests-context.xml] does not exist
17:13:50.637 [Test worker] DEBUG org.springframework.test.context.support.AbstractContextLoader - Did not detect default resource location for test class [com.example.demodocker.DemoDockerApplicationTests]: class path resource [com/example/demodocker/DemoDockerApplicationTestsContext.groovy] does not exist
17:13:50.637 [Test worker] INFO org.springframework.test.context.support.AbstractContextLoader - Could not detect default resource locations for test class [com.example.demodocker.DemoDockerApplicationTests]: no resource found for suffixes {-context.xml, Context.groovy}.
17:13:50.642 [Test worker] INFO org.springframework.test.context.support.AnnotationConfigContextLoaderUtils - Could not detect default configuration classes for test class [com.example.demodocker.DemoDockerApplicationTests]: DemoDockerApplicationTests does not declare any static, non-private, non-final, nested classes annotated with @Configuration.
17:13:50.767 [Test worker] DEBUG org.springframework.test.context.support.ActiveProfilesUtils - Could not find an 'annotation declaring class' for annotation type [org.springframework.test.context.ActiveProfiles] and class [com.example.demodocker.DemoDockerApplicationTests]
17:13:50.957 [Test worker] DEBUG org.springframework.context.annotation.ClassPathScanningCandidateComponentProvider - Identified candidate component class: file [C:\Users\shaya\Desktop\CMPE172\cmpe172-moomuz\labs\lab1\demo-docker\build\classes\java\main\com\example\demodocker\DemoDockerApplication.class]
17:13:50.957 [Test worker] INFO org.springframework.boot.test.context.SpringBootTestContextBootstrapper - Found @SpringBootConfiguration com.example.demodocker.DemoDockerApplication for test class com.example.demodocker.DemoDockerApplicationTests
17:13:51.207 [Test worker] DEBUG org.springframework.boot.test.context.SpringBootTestContextBootstrapper - @TestExecutionListeners is not present for class [com.example.demodocker.DemoDockerApplicationTests]: using defaults.
17:13:51.212 [Test worker] INFO org.springframework.boot.test.context.SpringBootTestContextBootstrapper - Loaded default TestExecutionListener class names from location [META-INF/spring.factories]: [org.springframework.boot.test.autoconfigure.restdocs.RestDocsTestExecutionListener, org.springframework.boot.test.autoconfigure.web.client.MockRestServiceServerResetTestExecutionListener, org.springframework.boot.test.autoconfigure.web.servlet.MockMvcPrintOnlyOnFailureTestExecutionListener, org.springframework.boot.test.autoconfigure.web.servlet.WebDriverTestExecutionListener, org.springframework.boot.test.autoconfigure.webservices.client.MockWebServiceServerTestExecutionListener, org.springframework.boot.test.mock.mockito.MockitoTestExecutionListener, org.springframework.boot.test.mock.mockito.ResetMocksTestExecutionListener, org.springframework.test.context.web.ServletTestExecutionListener, org.springframework.test.context.support.DirtiesContextBeforeModesTestExecutionListener, org.springframework.test.context.event.ApplicationEventsTestExecutionListener, org.springframework.test.context.support.DependencyInjectionTestExecutionListener, org.springframework.test.context.support.DirtiesContextTestExecutionListener, org.springframework.test.context.transaction.TransactionalTestExecutionListener, org.springframework.test.context.jdbc.SqlScriptsTestExecutionListener, org.springframework.test.context.event.EventPublishingTestExecutionListener]
17:13:51.242 [Test worker] DEBUG org.springframework.boot.test.context.SpringBootTestContextBootstrapper - Skipping candidate TestExecutionListener [org.springframework.test.context.transaction.TransactionalTestExecutionListener] due to a missing dependency. Specify custom listener classes or make the default listener classes and their required dependencies available. Offending class: [org.springframework.transaction.interceptor.TransactionAttributeSource]
17:13:51.242 [Test worker] DEBUG org.springframework.boot.test.context.SpringBootTestContextBootstrapper - Skipping candidate TestExecutionListener [org.springframework.test.context.jdbc.SqlScriptsTestExecutionListener] due to a missing dependency. Specify custom listener classes or make the default listener classes and their required dependencies available. Offending class: [org.springframework.transaction.interceptor.TransactionAttribute]
17:13:51.242 [Test worker] INFO org.springframework.boot.test.context.SpringBootTestContextBootstrapper - Using TestExecutionListeners: [org.springframework.test.context.web.ServletTestExecutionListener@69e4dee6, org.springframework.test.context.support.DirtiesContextBeforeModesTestExecutionListener@b06957ca, org.springframework.test.context.event.ApplicationEventsTestExecutionListener@d1b9ec43, org.springframework.boot.test.mock.mockito.MockitoTestExecutionListener@6be595f0, org.springframework.boot.test.autoconfigure.SpringBootDependencyInjectionTestExecutionListener@19c1c737, org.springframework.test.context.support.DirtiesContextTestExecutionListener@a03e8e3b, org.springframework.test.context.event.EventPublishingTestExecutionListener@2cdf8b8d, org.springframework.boot.test.autoconfigure.restdocs.RestDocsTestExecutionListener@dfc92285, org.springframework.boot.test.autoconfigure.web.client.MockRestServiceServerResetTestExecutionListener@427d77e5, org.springframework.boot.test.autoconfigure.web.servlet.MockMvcPrintOnlyOnFailureTestExecutionListener@67744bbb, org.springframework.boot.test.autoconfigure.web.servlet.WebDriverTestExecutionListener@2dade2b6, org.springframework.boot.test.autoconfigure.webservices.client.MockWebServiceServerTestExecutionListener@c1d6ae7e, org.springframework.boot.test.mock.mockito.ResetMocksTestExecutionListener@3fe96288]
17:13:51.252 [Test worker] DEBUG org.springframework.test.context.support.AbstractDirtiesContextTestExecutionListener - Before test class: context [DefaultTestContext@876e6f19 testClass = DemoDockerApplicationTests, testInstance = [null], testMethod = [null], testException = [null], mergedContextConfiguration = [WebMergedContextConfiguration@f203729c testClass = DemoDockerApplicationTests, locations = '{}', classes = '{class com.example.demodocker.DemoDockerApplication}', contextInitializerClasses = '[]', activeProfiles = '{}', propertySourceLocations = '{}', propertySourceProperties = '{org.springframework.boot.test.context.SpringBootTestContextBootstrapper=true}', contextCustomizers = set[org.springframework.boot.test.autoconfigure.actuate.metrics.MetricsExportContextCustomizerFactory$DisableMetricExportContextCustomizer@43f3f0a0, org.springframework.boot.test.autoconfigure.properties.PropertyMappingContextCustomizer@0, org.springframework.boot.test.autoconfigure.web.servlet.WebDriverContextCustomizerFactory$Customizer@a2c02e09, org.springframework.boot.test.context.filter.ExcludeFilterContextCustomizer@1d1d9021, org.springframework.boot.test.json.DuplicateJsonObjectContextCustomizerFactory$DuplicateJsonObjectContextCustomizer@738c59d, org.springframework.boot.test.mock.mockito.MockitoContextCustomizer@0, org.springframework.boot.test.web.client.TestRestTemplateContextCustomizer@e25b1a04, org.springframework.boot.test.context.SpringBootTestArgs@1, org.springframework.boot.test.context.SpringBootTestWebEnvironment@18f484e9], resourceBasePath = 'src/main/webapp', contextLoader = 'org.springframework.boot.test.context.SpringBootContextLoader', parent = [null]], attributes = map['org.springframework.test.context.web.ServletTestExecutionListener.activateListener' -> true]], class annotated with @DirtiesContext [false] with mode [null].
17:13:51.332 [Test worker] DEBUG org.springframework.test.context.support.TestPropertySourceUtils - Adding inlined properties to environment: {spring.jmx.enabled=false, org.springframework.boot.test.context.SpringBootTestContextBootstrapper=true}

  .   ____          _            __ _ _
 /\\ / ___'_ __ _ _(_)_ __  __ _ \ \ \ \
( ( )\___ | '_ | '_| | '_ \/ _` | \ \ \ \
 \\/  ___)| |_)| | | | | || (_| |  ) ) ) )
  '  |____| .__|_| |_|_| |_\__, | / / / /
 =========|_|==============|___/=/_/_/_/
 :: Spring Boot ::               (v2.4.10)

2021-09-10 17:13:52.042  INFO 15380 --- [    Test worker] c.e.d.DemoDockerApplicationTests         : Starting DemoDockerApplicationTests using Java 11.0.11 on ShaysComputer with PID 15380 (started by shaya in C:\Users\shaya\Desktop\CMPE172\cmpe172-moomuz\labs\lab1\demo-docker)
2021-09-10 17:13:52.062  INFO 15380 --- [    Test worker] c.e.d.DemoDockerApplicationTests         : No active profile set, falling back to default profiles: default
2021-09-10 17:13:56.377  INFO 15380 --- [    Test worker] c.e.d.DemoDockerApplicationTests         : Started DemoDockerApplicationTests in 5.028 seconds (JVM running for 8.78)
]]></system-out>
    <system-err><![CDATA[]]></system-err>
</testsuite>
